2026-03-10 11:40:32.707 | INFO     | __main__:main:11 - Запуск парсера...
2026-03-10 11:40:32.707 | INFO     | scrapers.base:start_browser:14 - Запускаем браузер...
2026-03-10 11:42:21.163 | INFO     | __main__:main:11 - Запуск парсера...
2026-03-10 11:42:21.163 | INFO     | scrapers.base:start_browser:14 - Запускаем браузер...
2026-03-10 11:42:22.494 | INFO     | scrapers.yandex_maps:parse:16 - Ищем в Яндексе: салоны красоты Рязань
2026-03-10 11:42:23.659 | ERROR    | scrapers.yandex_maps:parse:100 - Глобальная ошибка парсинга: Locator.fill: Error: Element is not an <input>, <textarea>, <select> or [contenteditable] and does not have a role allowing [aria-readonly]
Call log:
  - waiting for locator(".search-form-view__input")
    - locator resolved to <div class="search-form-view__input">…</div>
    - fill("салоны красоты Рязань")
  - attempting fill action
    - waiting for element to be visible, enabled and editable

2026-03-10 11:42:23.852 | INFO     | scrapers.base:close_browser:30 - Браузер закрыт.
2026-03-10 11:42:23.852 | WARNING  | __main__:main:24 - Парсер не нашел ни одной карточки.
2026-03-10 11:44:40.028 | INFO     | __main__:main:11 - Запуск парсера...
2026-03-10 11:44:40.028 | INFO     | scrapers.base:start_browser:14 - Запускаем браузер...
2026-03-10 11:44:40.492 | INFO     | scrapers.yandex_maps:parse:16 - Ищем в Яндексе: салон красоты Рязань
2026-03-10 11:44:45.232 | INFO     | scrapers.yandex_maps:parse:30 - Прокручиваем список для подгрузки результатов...
2026-03-10 11:44:50.307 | INFO     | scrapers.yandex_maps:parse:45 - Собрано 0 ссылок. Начинаем обход.
2026-03-10 11:44:50.577 | INFO     | scrapers.base:close_browser:30 - Браузер закрыт.
2026-03-10 11:44:50.577 | WARNING  | __main__:main:24 - Парсер не нашел ни одной карточки.
2026-03-10 11:46:30.413 | INFO     | __main__:main:11 - Запуск парсера...
2026-03-10 11:46:30.413 | INFO     | scrapers.base:start_browser:14 - Запускаем браузер...
2026-03-10 11:46:30.880 | INFO     | scrapers.yandex_maps:parse:16 - Ищем в Яндексе: салоны красоты Рязань
2026-03-10 11:46:35.964 | INFO     | scrapers.yandex_maps:parse:30 - Прокручиваем список для подгрузки результатов...
2026-03-10 11:46:41.125 | INFO     | scrapers.yandex_maps:parse:45 - Собрано 50 ссылок. Начинаем обход.
2026-03-10 11:46:44.354 | SUCCESS  | scrapers.yandex_maps:parse:94 - Спарсили: Окси | +7 (980) 562-88-15
Показать телефон | http://oxy-beauty-style.ru/
2026-03-10 11:46:47.603 | SUCCESS  | scrapers.yandex_maps:parse:94 - Спарсили: Окси | None | None
2026-03-10 11:46:49.781 | SUCCESS  | scrapers.yandex_maps:parse:94 - Спарсили: Окси | None | None
2026-03-10 11:46:53.069 | SUCCESS  | scrapers.yandex_maps:parse:94 - Спарсили: Идеал | +7 (910) 572-28-09
Показать телефон | https://ideal-ryazan.ru/?utm_campaign=ideal&utm_medium=organic&utm_source=yandex_maps
2026-03-10 11:46:56.507 | SUCCESS  | scrapers.yandex_maps:parse:94 - Спарсили: Идеал | None | None
2026-03-10 11:46:56.917 | INFO     | scrapers.base:close_browser:30 - Браузер закрыт.
2026-03-10 11:46:56.917 | INFO     | __main__:main:21 - Всего собрано лидов: 5
2026-03-10 11:46:56.921 | ERROR    | utils.exporter:save_to_excel:38 - Ошибка при сохранении в Excel: No module named 'openpyxl'
2026-03-10 11:50:01.174 | INFO     | __main__:main:11 - Запуск парсера...
2026-03-10 11:50:01.174 | INFO     | scrapers.base:start_browser:14 - Запускаем браузер...
2026-03-10 11:50:01.629 | INFO     | scrapers.yandex_maps:parse:15 - Ищем в Яндексе: салоны красоты Рязань
2026-03-10 11:50:06.655 | INFO     | scrapers.yandex_maps:parse:29 - Прокручиваем список для подгрузки результатов...
2026-03-10 11:50:11.802 | INFO     | scrapers.yandex_maps:parse:47 - Собрано 49 уникальных ссылок. Начинаем обход.
2026-03-10 11:50:15.422 | SUCCESS  | scrapers.yandex_maps:parse:103 - Спарсили: Окси | +7 (980) 562-88-15 | http://oxy-beauty-style.ru/
2026-03-10 11:50:18.812 | SUCCESS  | scrapers.yandex_maps:parse:103 - Спарсили: Окси | None | None
2026-03-10 11:50:20.777 | SUCCESS  | scrapers.yandex_maps:parse:103 - Спарсили: Окси | None | None
2026-03-10 11:50:24.095 | SUCCESS  | scrapers.yandex_maps:parse:103 - Спарсили: Light | +7 (989) 437-88-54 | https://lightnails.ru/
2026-03-10 11:50:27.256 | SUCCESS  | scrapers.yandex_maps:parse:103 - Спарсили: Light | None | None
2026-03-10 11:50:27.472 | INFO     | scrapers.base:close_browser:30 - Браузер закрыт.
2026-03-10 11:50:27.473 | INFO     | __main__:main:21 - Всего собрано лидов: 5
2026-03-10 11:50:27.587 | SUCCESS  | utils.exporter:save_to_excel:35 - Данные успешно сохранены в файл: салоны_красоты_Рязань_20260310_115027.xlsx
2026-03-10 11:58:57.865 | INFO     | __main__:main:11 - Запуск парсера...
2026-03-10 11:58:57.865 | INFO     | scrapers.base:start_browser:14 - Запускаем браузер...
2026-03-10 11:58:58.355 | INFO     | scrapers.yandex_maps:parse:16 - Ищем в Яндексе: салоны красоты Рязань
2026-03-10 11:59:03.306 | INFO     | scrapers.yandex_maps:parse:30 - Прокручиваем список для подгрузки результатов...
2026-03-10 11:59:55.559 | INFO     | scrapers.yandex_maps:parse:51 - Собрано 105 абсолютно уникальных заведений. Начинаем обход.
2026-03-10 11:59:58.368 | SUCCESS  | scrapers.yandex_maps:parse:107 - Спарсили: Не указано | None | None
2026-03-10 11:59:59.964 | SUCCESS  | scrapers.yandex_maps:parse:107 - Спарсили: Не указано | None | None
2026-03-10 12:00:01.558 | SUCCESS  | scrapers.yandex_maps:parse:107 - Спарсили: Не указано | None | None
2026-03-10 12:00:03.419 | SUCCESS  | scrapers.yandex_maps:parse:107 - Спарсили: Не указано | None | None
2026-03-10 12:00:05.006 | SUCCESS  | scrapers.yandex_maps:parse:107 - Спарсили: Не указано | None | None
2026-03-10 12:00:06.597 | SUCCESS  | scrapers.yandex_maps:parse:107 - Спарсили: Не указано | None | None
2026-03-10 12:00:08.248 | SUCCESS  | scrapers.yandex_maps:parse:107 - Спарсили: Не указано | None | None
2026-03-10 12:00:09.840 | SUCCESS  | scrapers.yandex_maps:parse:107 - Спарсили: Не указано | None | None
2026-03-10 12:00:11.420 | SUCCESS  | scrapers.yandex_maps:parse:107 - Спарсили: Не указано | None | None
2026-03-10 12:00:13.008 | SUCCESS  | scrapers.yandex_maps:parse:107 - Спарсили: Не указано | None | None
2026-03-10 12:00:14.591 | SUCCESS  | scrapers.yandex_maps:parse:107 - Спарсили: Не указано | None | None
2026-03-10 12:00:14.592 | ERROR    | scrapers.yandex_maps:parse:110 - Ошибка при парсинге карточки https://yandex.ru/org/mir_depilyatsii/144856093662: Page.goto: Target page, context or browser has been closed
2026-03-10 12:00:14.592 | ERROR    | scrapers.yandex_maps:parse:110 - Ошибка при парсинге карточки https://yandex.ru/org/caramel/7434200097: Page.goto: Target page, context or browser has been closed
2026-03-10 12:00:14.593 | ERROR    | scrapers.yandex_maps:parse:110 - Ошибка при парсинге карточки https://yandex.ru/org/bezpovoda/242183940601: Page.goto: Target page, context or browser has been closed
2026-03-10 12:00:14.594 | ERROR    | scrapers.yandex_maps:parse:110 - Ошибка при парсинге карточки https://yandex.ru/org/akademiya_krasoty/1017763111: Page.goto: Target page, context or browser has been closed
2026-03-10 12:00:14.594 | ERROR    | scrapers.yandex_maps:parse:110 - Ошибка при парсинге карточки https://yandex.ru/org/krasota_vnutri/131181626366: Page.goto: Target page, context or browser has been closed
2026-03-10 12:00:14.595 | ERROR    | scrapers.yandex_maps:parse:110 - Ошибка при парсинге карточки https://yandex.ru/org/vera/104827333540: Page.goto: Target page, context or browser has been closed
2026-03-10 12:00:14.596 | ERROR    | scrapers.yandex_maps:parse:110 - Ошибка при парсинге карточки https://yandex.ru/org/tsiryulnik/10172721899: Page.goto: Target page, context or browser has been closed
2026-03-10 12:00:14.596 | ERROR    | scrapers.yandex_maps:parse:110 - Ошибка при парсинге карточки https://yandex.ru/org/monkeys/172955246038: Page.goto: Target page, context or browser has been closed
2026-03-10 12:00:14.597 | ERROR    | scrapers.yandex_maps:parse:110 - Ошибка при парсинге карточки https://yandex.ru/org/yeva/1703093866: Page.goto: Target page, context or browser has been closed
2026-03-10 12:00:14.598 | ERROR    | scrapers.yandex_maps:parse:110 - Ошибка при парсинге карточки https://yandex.ru/org/akinshina_studio/198886962729: Page.goto: Target page, context or browser has been closed
2026-03-10 12:00:14.598 | ERROR    | scrapers.yandex_maps:parse:110 - Ошибка при парсинге карточки https://yandex.ru/org/kuafyur/1071497657: Page.goto: Target page, context or browser has been closed
2026-03-10 12:00:14.599 | ERROR    | scrapers.yandex_maps:parse:110 - Ошибка при парсинге карточки https://yandex.ru/org/karamel/48779427790: Page.goto: Target page, context or browser has been closed
2026-03-10 12:00:14.600 | ERROR    | scrapers.yandex_maps:parse:110 - Ошибка при парсинге карточки https://yandex.ru/org/vbeauty/196782196795: Page.goto: Target page, context or browser has been closed
2026-03-10 12:00:14.601 | ERROR    | scrapers.yandex_maps:parse:110 - Ошибка при парсинге карточки https://yandex.ru/org/fashion_house/96605430380: Page.goto: Target page, context or browser has been closed
2026-03-10 12:00:14.601 | ERROR    | scrapers.yandex_maps:parse:110 - Ошибка при парсинге карточки https://yandex.ru/org/studiya_dlya_tebya/15677997310: Page.goto: Target page, context or browser has been closed
2026-03-10 12:00:14.602 | ERROR    | scrapers.yandex_maps:parse:110 - Ошибка при парсинге карточки https://yandex.ru/org/kult/17333145424: Page.goto: Target page, context or browser has been closed
2026-03-10 12:00:14.603 | ERROR    | scrapers.yandex_maps:parse:110 - Ошибка при парсинге карточки https://yandex.ru/org/laboratoriya_krasoty_i_tela/32035055338: Page.goto: Target page, context or browser has been closed
2026-03-10 12:00:14.603 | ERROR    | scrapers.yandex_maps:parse:110 - Ошибка при парсинге карточки https://yandex.ru/org/bely_angel/1373296522: Page.goto: Target page, context or browser has been closed
2026-03-10 12:00:14.604 | ERROR    | scrapers.yandex_maps:parse:110 - Ошибка при парсинге карточки https://yandex.ru/org/dolche_vita/1804284782: Page.goto: Target page, context or browser has been closed
2026-03-10 12:00:14.605 | ERROR    | scrapers.yandex_maps:parse:110 - Ошибка при парсинге карточки https://yandex.ru/org/el/1008539079: Page.goto: Target page, context or browser has been closed
2026-03-10 12:00:14.605 | ERROR    | scrapers.yandex_maps:parse:110 - Ошибка при парсинге карточки https://yandex.ru/org/akinshina_studio/49413382517: Page.goto: Target page, context or browser has been closed
2026-03-10 12:00:14.606 | ERROR    | scrapers.yandex_maps:parse:110 - Ошибка при парсинге карточки https://yandex.ru/org/blanc/120043289043: Page.goto: Target page, context or browser has been closed
2026-03-10 12:00:14.607 | ERROR    | scrapers.yandex_maps:parse:110 - Ошибка при парсинге карточки https://yandex.ru/org/ideal/38490374934: Page.goto: Target page, context or browser has been closed
2026-03-10 12:00:14.607 | ERROR    | scrapers.yandex_maps:parse:110 - Ошибка при парсинге карточки https://yandex.ru/org/kaktus/141126506824: Page.goto: Target page, context or browser has been closed
2026-03-10 12:00:14.608 | ERROR    | scrapers.yandex_maps:parse:110 - Ошибка при парсинге карточки https://yandex.ru/org/yuventa/1743335200: Page.goto: Target page, context or browser has been closed
2026-03-10 12:00:14.609 | ERROR    | scrapers.yandex_maps:parse:110 - Ошибка при парсинге карточки https://yandex.ru/org/bliss/146397661055: Page.goto: Target page, context or browser has been closed
2026-03-10 12:00:14.609 | ERROR    | scrapers.yandex_maps:parse:110 - Ошибка при парсинге карточки https://yandex.ru/org/lacotherapy/127554892446: Page.goto: Target page, context or browser has been closed
2026-03-10 12:00:14.610 | ERROR    | scrapers.yandex_maps:parse:110 - Ошибка при парсинге карточки https://yandex.ru/org/koroche/1844321532: Page.goto: Target page, context or browser has been closed
2026-03-10 12:00:14.611 | ERROR    | scrapers.yandex_maps:parse:110 - Ошибка при парсинге карточки https://yandex.ru/org/egoistka/1030389841: Page.goto: Target page, context or browser has been closed
2026-03-10 12:00:14.611 | ERROR    | scrapers.yandex_maps:parse:110 - Ошибка при парсинге карточки https://yandex.ru/org/malina/70534961633: Page.goto: Target page, context or browser has been closed
2026-03-10 12:00:14.612 | ERROR    | scrapers.yandex_maps:parse:110 - Ошибка при парсинге карточки https://yandex.ru/org/galateya/1198172218: Page.goto: Target page, context or browser has been closed
2026-03-10 12:00:14.612 | ERROR    | scrapers.yandex_maps:parse:110 - Ошибка при парсинге карточки https://yandex.ru/org/light/82185636123: Page.goto: Target page, context or browser has been closed
2026-03-10 12:00:14.613 | ERROR    | scrapers.yandex_maps:parse:110 - Ошибка при парсинге карточки https://yandex.ru/org/dr_laser/17619961567: Page.goto: Target page, context or browser has been closed
2026-03-10 12:00:14.614 | ERROR    | scrapers.yandex_maps:parse:110 - Ошибка при парсинге карточки https://yandex.ru/org/frantsuzhenka/1695597975: Page.goto: Target page, context or browser has been closed
2026-03-10 12:00:14.614 | ERROR    | scrapers.yandex_maps:parse:110 - Ошибка при парсинге карточки https://yandex.ru/org/morskaya_shkola/119131596132: Page.goto: Target page, context or browser has been closed
2026-03-10 12:00:14.615 | ERROR    | scrapers.yandex_maps:parse:110 - Ошибка при парсинге карточки https://yandex.ru/org/zazerkalye/188620969119: Page.goto: Target page, context or browser has been closed
2026-03-10 12:00:14.616 | ERROR    | scrapers.yandex_maps:parse:110 - Ошибка при парсинге карточки https://yandex.ru/org/mishel/1728061843: Page.goto: Target page, context or browser has been closed
2026-03-10 12:00:14.616 | ERROR    | scrapers.yandex_maps:parse:110 - Ошибка при парсинге карточки https://yandex.ru/org/podval/187889625152: Page.goto: Target page, context or browser has been closed
2026-03-10 12:00:14.617 | ERROR    | scrapers.yandex_maps:parse:110 - Ошибка при парсинге карточки https://yandex.ru/org/marsel/211031112150: Page.goto: Target page, context or browser has been closed
2026-03-10 12:00:14.618 | ERROR    | scrapers.yandex_maps:parse:110 - Ошибка при парсинге карточки https://yandex.ru/org/sheyd/153069873083: Page.goto: Target page, context or browser has been closed
2026-03-10 12:00:14.618 | ERROR    | scrapers.yandex_maps:parse:110 - Ошибка при парсинге карточки https://yandex.ru/org/eklerchiki/18075556260: Page.goto: Target page, context or browser has been closed
2026-03-10 12:00:14.619 | ERROR    | scrapers.yandex_maps:parse:110 - Ошибка при парсинге карточки https://yandex.ru/org/tsiryulnik/13266485554: Page.goto: Target page, context or browser has been closed
2026-03-10 12:00:14.620 | ERROR    | scrapers.yandex_maps:parse:110 - Ошибка при парсинге карточки https://yandex.ru/org/loft_stories/42758743583: Page.goto: Target page, context or browser has been closed
2026-03-10 12:00:14.621 | ERROR    | scrapers.yandex_maps:parse:110 - Ошибка при парсинге карточки https://yandex.ru/org/navi/130984383957: Page.goto: Target page, context or browser has been closed
2026-03-10 12:00:14.622 | ERROR    | scrapers.yandex_maps:parse:110 - Ошибка при парсинге карточки https://yandex.ru/org/koza/193712742308: Page.goto: Target page, context or browser has been closed
2026-03-10 12:00:14.623 | ERROR    | scrapers.yandex_maps:parse:110 - Ошибка при парсинге карточки https://yandex.ru/org/katrin/1132844919: Page.goto: Target page, context or browser has been closed
2026-03-10 12:00:14.624 | ERROR    | scrapers.yandex_maps:parse:110 - Ошибка при парсинге карточки https://yandex.ru/org/mone/233367876644: Page.goto: Target page, context or browser has been closed
2026-03-10 12:00:14.624 | ERROR    | scrapers.yandex_maps:parse:110 - Ошибка при парсинге карточки https://yandex.ru/org/vishnya/162399806130: Page.goto: Target page, context or browser has been closed
2026-03-10 12:00:14.625 | ERROR    | scrapers.yandex_maps:parse:110 - Ошибка при парсинге карточки https://yandex.ru/org/rezidentsiya_kaplunog_maksi/46745886752: Page.goto: Target page, context or browser has been closed
2026-03-10 12:00:14.626 | ERROR    | scrapers.yandex_maps:parse:110 - Ошибка при парсинге карточки https://yandex.ru/org/bali/37021269224: Page.goto: Target page, context or browser has been closed
2026-03-10 12:00:14.626 | ERROR    | scrapers.yandex_maps:parse:110 - Ошибка при парсинге карточки https://yandex.ru/org/pushka/173978486431: Page.goto: Target page, context or browser has been closed
2026-03-10 12:00:14.627 | ERROR    | scrapers.yandex_maps:parse:110 - Ошибка при парсинге карточки https://yandex.ru/org/vizantiya/1127667934: Page.goto: Target page, context or browser has been closed
2026-03-10 12:00:14.627 | ERROR    | scrapers.yandex_maps:parse:110 - Ошибка при парсинге карточки https://yandex.ru/org/blyuz/174202967523: Page.goto: Target page, context or browser has been closed
2026-03-10 12:00:14.628 | ERROR    | scrapers.yandex_maps:parse:110 - Ошибка при парсинге карточки https://yandex.ru/org/nazlo_byvshemu/219299708566: Page.goto: Target page, context or browser has been closed
2026-03-10 12:00:14.629 | ERROR    | scrapers.yandex_maps:parse:110 - Ошибка при парсинге карточки https://yandex.ru/org/kakova_krasota/173045358053: Page.goto: Target page, context or browser has been closed
2026-03-10 12:00:14.629 | ERROR    | scrapers.yandex_maps:parse:110 - Ошибка при парсинге карточки https://yandex.ru/org/byuti_form/141960920475: Page.goto: Target page, context or browser has been closed
2026-03-10 12:00:14.630 | ERROR    | scrapers.yandex_maps:parse:110 - Ошибка при парсинге карточки https://yandex.ru/org/millenium/1732417776: Page.goto: Target page, context or browser has been closed
2026-03-10 12:00:14.631 | ERROR    | scrapers.yandex_maps:parse:110 - Ошибка при парсинге карточки https://yandex.ru/org/shayn/1257524563: Page.goto: Target page, context or browser has been closed
2026-03-10 12:00:14.631 | ERROR    | scrapers.yandex_maps:parse:110 - Ошибка при парсинге карточки https://yandex.ru/org/ilissi/197344635472: Page.goto: Target page, context or browser has been closed
2026-03-10 12:00:14.632 | ERROR    | scrapers.yandex_maps:parse:110 - Ошибка при парсинге карточки https://yandex.ru/org/kappuchino/1041230862: Page.goto: Target page, context or browser has been closed
2026-03-10 12:00:14.633 | ERROR    | scrapers.yandex_maps:parse:110 - Ошибка при парсинге карточки https://yandex.ru/org/sekta_krasoty/23340320980: Page.goto: Target page, context or browser has been closed
2026-03-10 12:00:14.633 | ERROR    | scrapers.yandex_maps:parse:110 - Ошибка при парсинге карточки https://yandex.ru/org/backstage/242464413616: Page.goto: Target page, context or browser has been closed
2026-03-10 12:00:14.634 | ERROR    | scrapers.yandex_maps:parse:110 - Ошибка при парсинге карточки https://yandex.ru/org/mystery_of_beauty/180112132111: Page.goto: Target page, context or browser has been closed
2026-03-10 12:00:14.635 | ERROR    | scrapers.yandex_maps:parse:110 - Ошибка при парсинге карточки https://yandex.ru/org/marmelad/230150505191: Page.goto: Target page, context or browser has been closed
2026-03-10 12:00:14.635 | ERROR    | scrapers.yandex_maps:parse:110 - Ошибка при парсинге карточки https://yandex.ru/org/ultra/1806440786: Page.goto: Target page, context or browser has been closed
2026-03-10 12:00:14.636 | ERROR    | scrapers.yandex_maps:parse:110 - Ошибка при парсинге карточки https://yandex.ru/org/ayvori/103935322376: Page.goto: Target page, context or browser has been closed
2026-03-10 12:00:14.637 | ERROR    | scrapers.yandex_maps:parse:110 - Ошибка при парсинге карточки https://yandex.ru/org/grase/230007297545: Page.goto: Target page, context or browser has been closed
2026-03-10 12:00:14.638 | ERROR    | scrapers.yandex_maps:parse:110 - Ошибка при парсинге карточки https://yandex.ru/org/nesu_vesnu/32044222165: Page.goto: Target page, context or browser has been closed
2026-03-10 12:00:14.638 | ERROR    | scrapers.yandex_maps:parse:110 - Ошибка при парсинге карточки https://yandex.ru/org/massante/244835203951: Page.goto: Target page, context or browser has been closed
2026-03-10 12:00:14.639 | ERROR    | scrapers.yandex_maps:parse:110 - Ошибка при парсинге карточки https://yandex.ru/org/tvorcheskaya_studiya_olgi_adelbayevoy/183676628268: Page.goto: Target page, context or browser has been closed
2026-03-10 12:00:14.640 | ERROR    | scrapers.yandex_maps:parse:110 - Ошибка при парсинге карточки https://yandex.ru/org/shokolab/1769369337: Page.goto: Target page, context or browser has been closed
2026-03-10 12:00:14.640 | ERROR    | scrapers.yandex_maps:parse:110 - Ошибка при парсинге карточки https://yandex.ru/org/f6/237143142044: Page.goto: Target page, context or browser has been closed
2026-03-10 12:00:14.641 | ERROR    | scrapers.yandex_maps:parse:110 - Ошибка при парсинге карточки https://yandex.ru/org/ph5_5/91249557324: Page.goto: Target page, context or browser has been closed
2026-03-10 12:00:14.641 | ERROR    | scrapers.yandex_maps:parse:110 - Ошибка при парсинге карточки https://yandex.ru/org/keyt/203938261329: Page.goto: Target page, context or browser has been closed
2026-03-10 12:00:14.642 | ERROR    | scrapers.yandex_maps:parse:110 - Ошибка при парсинге карточки https://yandex.ru/org/blackberry/1361481803: Page.goto: Target page, context or browser has been closed
2026-03-10 12:00:14.643 | ERROR    | scrapers.yandex_maps:parse:110 - Ошибка при парсинге карточки https://yandex.ru/org/estklinik/160714014463: Page.goto: Target page, context or browser has been closed
2026-03-10 12:00:14.643 | ERROR    | scrapers.yandex_maps:parse:110 - Ошибка при парсинге карточки https://yandex.ru/org/ulybka/1782281371: Page.goto: Target page, context or browser has been closed
2026-03-10 12:00:14.644 | ERROR    | scrapers.yandex_maps:parse:110 - Ошибка при парсинге карточки https://yandex.ru/org/koza/36425018189: Page.goto: Target page, context or browser has been closed
2026-03-10 12:00:14.645 | ERROR    | scrapers.yandex_maps:parse:110 - Ошибка при парсинге карточки https://yandex.ru/org/lira/1023682936: Page.goto: Target page, context or browser has been closed
2026-03-10 12:00:14.645 | ERROR    | scrapers.yandex_maps:parse:110 - Ошибка при парсинге карточки https://yandex.ru/org/lka/126736301057: Page.goto: Target page, context or browser has been closed
2026-03-10 12:00:14.646 | ERROR    | scrapers.yandex_maps:parse:110 - Ошибка при парсинге карточки https://yandex.ru/org/salon_krasoty/216246963797: Page.goto: Target page, context or browser has been closed
2026-03-10 12:00:14.646 | ERROR    | scrapers.yandex_maps:parse:110 - Ошибка при парсинге карточки https://yandex.ru/org/tsiryulnya_ot_rassveta_do_zakata/105337958428: Page.goto: Target page, context or browser has been closed
2026-03-10 12:00:14.647 | ERROR    | scrapers.yandex_maps:parse:110 - Ошибка при парсинге карточки https://yandex.ru/org/selfi/1803184835: Page.goto: Target page, context or browser has been closed
2026-03-10 12:00:14.648 | ERROR    | scrapers.yandex_maps:parse:110 - Ошибка при парсинге карточки https://yandex.ru/org/valentina/1036534921: Page.goto: Target page, context or browser has been closed
2026-03-10 12:00:14.648 | ERROR    | scrapers.yandex_maps:parse:110 - Ошибка при парсинге карточки https://yandex.ru/org/tiffany/1645825079: Page.goto: Target page, context or browser has been closed
2026-03-10 12:00:14.649 | ERROR    | scrapers.yandex_maps:parse:110 - Ошибка при парсинге карточки https://yandex.ru/org/sherlok/1744329339: Page.goto: Target page, context or browser has been closed
2026-03-10 12:00:14.650 | ERROR    | scrapers.yandex_maps:parse:110 - Ошибка при парсинге карточки https://yandex.ru/org/kote/98093721469: Page.goto: Target page, context or browser has been closed
2026-03-10 12:00:14.650 | ERROR    | scrapers.yandex_maps:parse:110 - Ошибка при парсинге карточки https://yandex.ru/org/bdkn/59585463969: Page.goto: Target page, context or browser has been closed
2026-03-10 12:00:14.651 | ERROR    | scrapers.yandex_maps:parse:110 - Ошибка при парсинге карточки https://yandex.ru/org/glamour/1132169110: Page.goto: Target page, context or browser has been closed
2026-03-10 12:00:14.651 | ERROR    | scrapers.yandex_maps:parse:110 - Ошибка при парсинге карточки https://yandex.ru/org/makhaon/1781995724: Page.goto: Target page, context or browser has been closed
2026-03-10 12:00:14.652 | ERROR    | scrapers.yandex_maps:parse:110 - Ошибка при парсинге карточки https://yandex.ru/org/salon_na_sobornoy/1085708579: Page.goto: Target page, context or browser has been closed
2026-03-10 12:00:14.653 | ERROR    | scrapers.yandex_maps:parse:110 - Ошибка при парсинге карточки https://yandex.ru/org/tsentr_krasoty_natalyi_lovtsevoy/1281310175: Page.goto: Target page, context or browser has been closed
2026-03-10 12:00:14.653 | ERROR    | scrapers.yandex_maps:parse:110 - Ошибка при парсинге карточки https://yandex.ru/org/studiya_krasoty_anzheliki_koltsovoy/242024205025: Page.goto: Target page, context or browser has been closed
2026-03-10 12:00:14.654 | ERROR    | scrapers.yandex_maps:parse:110 - Ошибка при парсинге карточки https://yandex.ru/org/bella/1723968051: Page.goto: Target page, context or browser has been closed
2026-03-10 12:00:14.790 | INFO     | scrapers.base:close_browser:30 - Браузер закрыт.
2026-03-10 12:00:14.790 | INFO     | __main__:main:21 - Всего собрано лидов: 11
2026-03-10 12:00:14.908 | SUCCESS  | utils.exporter:save_to_excel:35 - Данные успешно сохранены в файл: салоны_красоты_Рязань_20260310_120014.xlsx
2026-03-10 12:52:47.215 | INFO     | __main__:main:11 - Запуск парсера...
2026-03-10 12:52:47.216 | INFO     | scrapers.base:start_browser:14 - Запускаем браузер...
2026-03-10 12:52:51.070 | INFO     | scrapers.yandex_maps:parse:16 - Ищем в Яндексе: салоны красоты Рязань
2026-03-10 12:52:55.784 | INFO     | scrapers.yandex_maps:parse:30 - Прокручиваем список для подгрузки результатов...
2026-03-10 12:53:47.836 | INFO     | scrapers.yandex_maps:parse:51 - Собрано 101 абсолютно уникальных заведений. Начинаем обход.
2026-03-10 12:53:50.564 | SUCCESS  | scrapers.yandex_maps:parse:107 - Спарсили: Не указано | None | None
2026-03-10 12:53:52.176 | SUCCESS  | scrapers.yandex_maps:parse:107 - Спарсили: Не указано | None | None
2026-03-10 12:53:53.855 | SUCCESS  | scrapers.yandex_maps:parse:107 - Спарсили: Не указано | None | None
2026-03-10 12:53:55.433 | SUCCESS  | scrapers.yandex_maps:parse:107 - Спарсили: Не указано | None | None
2026-03-10 12:53:57.026 | SUCCESS  | scrapers.yandex_maps:parse:107 - Спарсили: Не указано | None | None
2026-03-10 12:53:57.027 | ERROR    | scrapers.yandex_maps:parse:110 - Ошибка при парсинге карточки https://yandex.ru/org/kuafyur/1071497657: Page.goto: Target page, context or browser has been closed
2026-03-10 12:53:57.028 | ERROR    | scrapers.yandex_maps:parse:110 - Ошибка при парсинге карточки https://yandex.ru/org/kappuchino/1041230862: Page.goto: Target page, context or browser has been closed
2026-03-10 12:53:57.029 | ERROR    | scrapers.yandex_maps:parse:110 - Ошибка при парсинге карточки https://yandex.ru/org/dr_laser/17619961567: Page.goto: Target page, context or browser has been closed
2026-03-10 12:53:57.030 | ERROR    | scrapers.yandex_maps:parse:110 - Ошибка при парсинге карточки https://yandex.ru/org/ulybka/1782281371: Page.goto: Target page, context or browser has been closed
2026-03-10 12:53:57.031 | ERROR    | scrapers.yandex_maps:parse:110 - Ошибка при парсинге карточки https://yandex.ru/org/selfi/1803184835: Page.goto: Target page, context or browser has been closed
2026-03-10 12:53:57.031 | ERROR    | scrapers.yandex_maps:parse:110 - Ошибка при парсинге карточки https://yandex.ru/org/valentina/1036534921: Page.goto: Target page, context or browser has been closed
2026-03-10 12:53:57.032 | ERROR    | scrapers.yandex_maps:parse:110 - Ошибка при парсинге карточки https://yandex.ru/org/morskaya_shkola/119131596132: Page.goto: Target page, context or browser has been closed
2026-03-10 12:53:57.033 | ERROR    | scrapers.yandex_maps:parse:110 - Ошибка при парсинге карточки https://yandex.ru/org/bdkn/59585463969: Page.goto: Target page, context or browser has been closed
2026-03-10 12:53:57.034 | ERROR    | scrapers.yandex_maps:parse:110 - Ошибка при парсинге карточки https://yandex.ru/org/estklinik/160714014463: Page.goto: Target page, context or browser has been closed
2026-03-10 12:53:57.035 | ERROR    | scrapers.yandex_maps:parse:110 - Ошибка при парсинге карточки https://yandex.ru/org/keyt/203938261329: Page.goto: Target page, context or browser has been closed
2026-03-10 12:53:57.036 | ERROR    | scrapers.yandex_maps:parse:110 - Ошибка при парсинге карточки https://yandex.ru/org/sheyd/153069873083: Page.goto: Target page, context or browser has been closed
2026-03-10 12:53:57.037 | ERROR    | scrapers.yandex_maps:parse:110 - Ошибка при парсинге карточки https://yandex.ru/org/tsiryulnik/13266485554: Page.goto: Target page, context or browser has been closed
2026-03-10 12:53:57.037 | ERROR    | scrapers.yandex_maps:parse:110 - Ошибка при парсинге карточки https://yandex.ru/org/marsel/211031112150: Page.goto: Target page, context or browser has been closed
2026-03-10 12:53:57.038 | ERROR    | scrapers.yandex_maps:parse:110 - Ошибка при парсинге карточки https://yandex.ru/org/rezidentsiya_kaplunog_maksi/46745886752: Page.goto: Target page, context or browser has been closed
2026-03-10 12:53:57.039 | ERROR    | scrapers.yandex_maps:parse:110 - Ошибка при парсинге карточки https://yandex.ru/org/pushka/173978486431: Page.goto: Target page, context or browser has been closed
2026-03-10 12:53:57.040 | ERROR    | scrapers.yandex_maps:parse:110 - Ошибка при парсинге карточки https://yandex.ru/org/lik/1804121356: Page.goto: Target page, context or browser has been closed
2026-03-10 12:53:57.041 | ERROR    | scrapers.yandex_maps:parse:110 - Ошибка при парсинге карточки https://yandex.ru/org/mishel/1728061843: Page.goto: Target page, context or browser has been closed
2026-03-10 12:53:57.041 | ERROR    | scrapers.yandex_maps:parse:110 - Ошибка при парсинге карточки https://yandex.ru/org/blyuz/174202967523: Page.goto: Target page, context or browser has been closed
2026-03-10 12:53:57.042 | ERROR    | scrapers.yandex_maps:parse:110 - Ошибка при парсинге карточки https://yandex.ru/org/lash_prof/169644961930: Page.goto: Target page, context or browser has been closed
2026-03-10 12:53:57.043 | ERROR    | scrapers.yandex_maps:parse:110 - Ошибка при парсинге карточки https://yandex.ru/org/eklerchiki/18075556260: Page.goto: Target page, context or browser has been closed
2026-03-10 12:53:57.044 | ERROR    | scrapers.yandex_maps:parse:110 - Ошибка при парсинге карточки https://yandex.ru/org/feniks/24216513973: Page.goto: Target page, context or browser has been closed
2026-03-10 12:53:57.044 | ERROR    | scrapers.yandex_maps:parse:110 - Ошибка при парсинге карточки https://yandex.ru/org/ph5_5/91249557324: Page.goto: Target page, context or browser has been closed
2026-03-10 12:53:57.045 | ERROR    | scrapers.yandex_maps:parse:110 - Ошибка при парсинге карточки https://yandex.ru/org/laboratoriya_krasoty_i_tela/32035055338: Page.goto: Target page, context or browser has been closed
2026-03-10 12:53:57.046 | ERROR    | scrapers.yandex_maps:parse:110 - Ошибка при парсинге карточки https://yandex.ru/org/s_lashes/1306150758: Page.goto: Target page, context or browser has been closed
2026-03-10 12:53:57.047 | ERROR    | scrapers.yandex_maps:parse:110 - Ошибка при парсинге карточки https://yandex.ru/org/tivoli/1577513667: Page.goto: Target page, context or browser has been closed
2026-03-10 12:53:57.048 | ERROR    | scrapers.yandex_maps:parse:110 - Ошибка при парсинге карточки https://yandex.ru/org/krasivo/194908461622: Page.goto: Target page, context or browser has been closed
2026-03-10 12:53:57.048 | ERROR    | scrapers.yandex_maps:parse:110 - Ошибка при парсинге карточки https://yandex.ru/org/mystery_of_beauty/180112132111: Page.goto: Target page, context or browser has been closed
2026-03-10 12:53:57.049 | ERROR    | scrapers.yandex_maps:parse:110 - Ошибка при парсинге карточки https://yandex.ru/org/tiffany/1645825079: Page.goto: Target page, context or browser has been closed
2026-03-10 12:53:57.050 | ERROR    | scrapers.yandex_maps:parse:110 - Ошибка при парсинге карточки https://yandex.ru/org/galateya/1198172218: Page.goto: Target page, context or browser has been closed
2026-03-10 12:53:57.051 | ERROR    | scrapers.yandex_maps:parse:110 - Ошибка при парсинге карточки https://yandex.ru/org/navi/130984383957: Page.goto: Target page, context or browser has been closed
2026-03-10 12:53:57.051 | ERROR    | scrapers.yandex_maps:parse:110 - Ошибка при парсинге карточки https://yandex.ru/org/koza/193712742308: Page.goto: Target page, context or browser has been closed
2026-03-10 12:53:57.052 | ERROR    | scrapers.yandex_maps:parse:110 - Ошибка при парсинге карточки https://yandex.ru/org/vishnya/162399806130: Page.goto: Target page, context or browser has been closed
2026-03-10 12:53:57.053 | ERROR    | scrapers.yandex_maps:parse:110 - Ошибка при парсинге карточки https://yandex.ru/org/zolotaya_pora/1802143649: Page.goto: Target page, context or browser has been closed
2026-03-10 12:53:57.054 | ERROR    | scrapers.yandex_maps:parse:110 - Ошибка при парсинге карточки https://yandex.ru/org/vizantiya/1127667934: Page.goto: Target page, context or browser has been closed
2026-03-10 12:53:57.055 | ERROR    | scrapers.yandex_maps:parse:110 - Ошибка при парсинге карточки https://yandex.ru/org/akademiya_krasoty/1017763111: Page.goto: Target page, context or browser has been closed
2026-03-10 12:53:57.055 | ERROR    | scrapers.yandex_maps:parse:110 - Ошибка при парсинге карточки https://yandex.ru/org/sakhara/148137690438: Page.goto: Target page, context or browser has been closed
2026-03-10 12:53:57.056 | ERROR    | scrapers.yandex_maps:parse:110 - Ошибка при парсинге карточки https://yandex.ru/org/mily_angel/242537365416: Page.goto: Target page, context or browser has been closed
2026-03-10 12:53:57.057 | ERROR    | scrapers.yandex_maps:parse:110 - Ошибка при парсинге карточки https://yandex.ru/org/ekspressiya/1794707847: Page.goto: Target page, context or browser has been closed
2026-03-10 12:53:57.058 | ERROR    | scrapers.yandex_maps:parse:110 - Ошибка при парсинге карточки https://yandex.ru/org/loft_stories/42758743583: Page.goto: Target page, context or browser has been closed
2026-03-10 12:53:57.058 | ERROR    | scrapers.yandex_maps:parse:110 - Ошибка при парсинге карточки https://yandex.ru/org/oksi/208132057905: Page.goto: Target page, context or browser has been closed
2026-03-10 12:53:57.059 | ERROR    | scrapers.yandex_maps:parse:110 - Ошибка при парсинге карточки https://yandex.ru/org/tsiryulnya_ot_rassveta_do_zakata/105337958428: Page.goto: Target page, context or browser has been closed
2026-03-10 12:53:57.060 | ERROR    | scrapers.yandex_maps:parse:110 - Ошибка при парсинге карточки https://yandex.ru/org/bezpovoda/242183940601: Page.goto: Target page, context or browser has been closed
2026-03-10 12:53:57.061 | ERROR    | scrapers.yandex_maps:parse:110 - Ошибка при парсинге карточки https://yandex.ru/org/dolche_vita/1804284782: Page.goto: Target page, context or browser has been closed
2026-03-10 12:53:57.061 | ERROR    | scrapers.yandex_maps:parse:110 - Ошибка при парсинге карточки https://yandex.ru/org/bely_angel/1373296522: Page.goto: Target page, context or browser has been closed
2026-03-10 12:53:57.062 | ERROR    | scrapers.yandex_maps:parse:110 - Ошибка при парсинге карточки https://yandex.ru/org/akinshina_studio/198886962729: Page.goto: Target page, context or browser has been closed
2026-03-10 12:53:57.063 | ERROR    | scrapers.yandex_maps:parse:110 - Ошибка при парсинге карточки https://yandex.ru/org/byuti_form/141960920475: Page.goto: Target page, context or browser has been closed
2026-03-10 12:53:57.064 | ERROR    | scrapers.yandex_maps:parse:110 - Ошибка при парсинге карточки https://yandex.ru/org/egoistka/1030389841: Page.goto: Target page, context or browser has been closed
2026-03-10 12:53:57.064 | ERROR    | scrapers.yandex_maps:parse:110 - Ошибка при парсинге карточки https://yandex.ru/org/katrin/1132844919: Page.goto: Target page, context or browser has been closed
2026-03-10 12:53:57.065 | ERROR    | scrapers.yandex_maps:parse:110 - Ошибка при парсинге карточки https://yandex.ru/org/kote/98093721469: Page.goto: Target page, context or browser has been closed
2026-03-10 12:53:57.066 | ERROR    | scrapers.yandex_maps:parse:110 - Ошибка при парсинге карточки https://yandex.ru/org/vbeauty/196782196795: Page.goto: Target page, context or browser has been closed
2026-03-10 12:53:57.067 | ERROR    | scrapers.yandex_maps:parse:110 - Ошибка при парсинге карточки https://yandex.ru/org/bali/37021269224: Page.goto: Target page, context or browser has been closed
2026-03-10 12:53:57.067 | ERROR    | scrapers.yandex_maps:parse:110 - Ошибка при парсинге карточки https://yandex.ru/org/el/1008539079: Page.goto: Target page, context or browser has been closed
2026-03-10 12:53:57.068 | ERROR    | scrapers.yandex_maps:parse:110 - Ошибка при парсинге карточки https://yandex.ru/org/grase/230007297545: Page.goto: Target page, context or browser has been closed
2026-03-10 12:53:57.069 | ERROR    | scrapers.yandex_maps:parse:110 - Ошибка при парсинге карточки https://yandex.ru/org/bliss/146397661055: Page.goto: Target page, context or browser has been closed
2026-03-10 12:53:57.070 | ERROR    | scrapers.yandex_maps:parse:110 - Ошибка при парсинге карточки https://yandex.ru/org/nazlo_byvshemu/219299708566: Page.goto: Target page, context or browser has been closed
2026-03-10 12:53:57.070 | ERROR    | scrapers.yandex_maps:parse:110 - Ошибка при парсинге карточки https://yandex.ru/org/kakova_krasota/173045358053: Page.goto: Target page, context or browser has been closed
2026-03-10 12:53:57.071 | ERROR    | scrapers.yandex_maps:parse:110 - Ошибка при парсинге карточки https://yandex.ru/org/nesu_vesnu/32044222165: Page.goto: Target page, context or browser has been closed
2026-03-10 12:53:57.072 | ERROR    | scrapers.yandex_maps:parse:110 - Ошибка при парсинге карточки https://yandex.ru/org/zazerkalye/188620969119: Page.goto: Target page, context or browser has been closed
2026-03-10 12:53:57.073 | ERROR    | scrapers.yandex_maps:parse:110 - Ошибка при парсинге карточки https://yandex.ru/org/monkeys/172955246038: Page.goto: Target page, context or browser has been closed
2026-03-10 12:53:57.074 | ERROR    | scrapers.yandex_maps:parse:110 - Ошибка при парсинге карточки https://yandex.ru/org/lira/1023682936: Page.goto: Target page, context or browser has been closed
2026-03-10 12:53:57.074 | ERROR    | scrapers.yandex_maps:parse:110 - Ошибка при парсинге карточки https://yandex.ru/org/fashion_house/96605430380: Page.goto: Target page, context or browser has been closed
2026-03-10 12:53:57.075 | ERROR    | scrapers.yandex_maps:parse:110 - Ошибка при парсинге карточки https://yandex.ru/org/koza/36425018189: Page.goto: Target page, context or browser has been closed
2026-03-10 12:53:57.076 | ERROR    | scrapers.yandex_maps:parse:110 - Ошибка при парсинге карточки https://yandex.ru/org/ultra/1806440786: Page.goto: Target page, context or browser has been closed
2026-03-10 12:53:57.077 | ERROR    | scrapers.yandex_maps:parse:110 - Ошибка при парсинге карточки https://yandex.ru/org/s_lashes/134158739785: Page.goto: Target page, context or browser has been closed
2026-03-10 12:53:57.078 | ERROR    | scrapers.yandex_maps:parse:110 - Ошибка при парсинге карточки https://yandex.ru/org/lacotherapy/127554892446: Page.goto: Target page, context or browser has been closed
2026-03-10 12:53:57.078 | ERROR    | scrapers.yandex_maps:parse:110 - Ошибка при парсинге карточки https://yandex.ru/org/ilissi/197344635472: Page.goto: Target page, context or browser has been closed
2026-03-10 12:53:57.079 | ERROR    | scrapers.yandex_maps:parse:110 - Ошибка при парсинге карточки https://yandex.ru/org/sekta_krasoty/23340320980: Page.goto: Target page, context or browser has been closed
2026-03-10 12:53:57.080 | ERROR    | scrapers.yandex_maps:parse:110 - Ошибка при парсинге карточки https://yandex.ru/org/shayn/1257524563: Page.goto: Target page, context or browser has been closed
2026-03-10 12:53:57.081 | ERROR    | scrapers.yandex_maps:parse:110 - Ошибка при парсинге карточки https://yandex.ru/org/studiya_krasoty_anzheliki_koltsovoy/242024205025: Page.goto: Target page, context or browser has been closed
2026-03-10 12:53:57.081 | ERROR    | scrapers.yandex_maps:parse:110 - Ошибка при парсинге карточки https://yandex.ru/org/salon_krasoty/216246963797: Page.goto: Target page, context or browser has been closed
2026-03-10 12:53:57.082 | ERROR    | scrapers.yandex_maps:parse:110 - Ошибка при парсинге карточки https://yandex.ru/org/sherlok/1744329339: Page.goto: Target page, context or browser has been closed
2026-03-10 12:53:57.083 | ERROR    | scrapers.yandex_maps:parse:110 - Ошибка при парсинге карточки https://yandex.ru/org/shokolab/1769369337: Page.goto: Target page, context or browser has been closed
2026-03-10 12:53:57.084 | ERROR    | scrapers.yandex_maps:parse:110 - Ошибка при парсинге карточки https://yandex.ru/org/krasota_vnutri/131181626366: Page.goto: Target page, context or browser has been closed
2026-03-10 12:53:57.084 | ERROR    | scrapers.yandex_maps:parse:110 - Ошибка при парсинге карточки https://yandex.ru/org/marmelad/230150505191: Page.goto: Target page, context or browser has been closed
2026-03-10 12:53:57.085 | ERROR    | scrapers.yandex_maps:parse:110 - Ошибка при парсинге карточки https://yandex.ru/org/blanc/120043289043: Page.goto: Target page, context or browser has been closed
2026-03-10 12:53:57.086 | ERROR    | scrapers.yandex_maps:parse:110 - Ошибка при парсинге карточки https://yandex.ru/org/bella/1723968051: Page.goto: Target page, context or browser has been closed
2026-03-10 12:53:57.087 | ERROR    | scrapers.yandex_maps:parse:110 - Ошибка при парсинге карточки https://yandex.ru/org/kaktus/141126506824: Page.goto: Target page, context or browser has been closed
2026-03-10 12:53:57.087 | ERROR    | scrapers.yandex_maps:parse:110 - Ошибка при парсинге карточки https://yandex.ru/org/mir_depilyatsii/144856093662: Page.goto: Target page, context or browser has been closed
2026-03-10 12:53:57.088 | ERROR    | scrapers.yandex_maps:parse:110 - Ошибка при парсинге карточки https://yandex.ru/org/caramel/7434200097: Page.goto: Target page, context or browser has been closed
2026-03-10 12:53:57.089 | ERROR    | scrapers.yandex_maps:parse:110 - Ошибка при парсинге карточки https://yandex.ru/org/podval/187889625152: Page.goto: Target page, context or browser has been closed
2026-03-10 12:53:57.089 | ERROR    | scrapers.yandex_maps:parse:110 - Ошибка при парсинге карточки https://yandex.ru/org/akinshina_studio/49413382517: Page.goto: Target page, context or browser has been closed
2026-03-10 12:53:57.090 | ERROR    | scrapers.yandex_maps:parse:110 - Ошибка при парсинге карточки https://yandex.ru/org/tsentr_krasoty_natalyi_lovtsevoy/1281310175: Page.goto: Target page, context or browser has been closed
2026-03-10 12:53:57.091 | ERROR    | scrapers.yandex_maps:parse:110 - Ошибка при парсинге карточки https://yandex.ru/org/mone/233367876644: Page.goto: Target page, context or browser has been closed
2026-03-10 12:53:57.092 | ERROR    | scrapers.yandex_maps:parse:110 - Ошибка при парсинге карточки https://yandex.ru/org/kult/17333145424: Page.goto: Target page, context or browser has been closed
2026-03-10 12:53:57.092 | ERROR    | scrapers.yandex_maps:parse:110 - Ошибка при парсинге карточки https://yandex.ru/org/tsiryulnik/10172721899: Page.goto: Target page, context or browser has been closed
2026-03-10 12:53:57.093 | ERROR    | scrapers.yandex_maps:parse:110 - Ошибка при парсинге карточки https://yandex.ru/org/salon_na_sobornoy/1085708579: Page.goto: Target page, context or browser has been closed
2026-03-10 12:53:57.094 | ERROR    | scrapers.yandex_maps:parse:110 - Ошибка при парсинге карточки https://yandex.ru/org/malina/70534961633: Page.goto: Target page, context or browser has been closed
2026-03-10 12:53:57.095 | ERROR    | scrapers.yandex_maps:parse:110 - Ошибка при парсинге карточки https://yandex.ru/org/yuventa/1743335200: Page.goto: Target page, context or browser has been closed
2026-03-10 12:53:57.095 | ERROR    | scrapers.yandex_maps:parse:110 - Ошибка при парсинге карточки https://yandex.ru/org/lka/126736301057: Page.goto: Target page, context or browser has been closed
2026-03-10 12:53:57.096 | ERROR    | scrapers.yandex_maps:parse:110 - Ошибка при парсинге карточки https://yandex.ru/org/millenium/1732417776: Page.goto: Target page, context or browser has been closed
2026-03-10 12:53:57.097 | ERROR    | scrapers.yandex_maps:parse:110 - Ошибка при парсинге карточки https://yandex.ru/org/koroche/1844321532: Page.goto: Target page, context or browser has been closed
2026-03-10 12:53:57.098 | ERROR    | scrapers.yandex_maps:parse:110 - Ошибка при парсинге карточки https://yandex.ru/org/tvorcheskaya_studiya_olgi_adelbayevoy/183676628268: Page.goto: Target page, context or browser has been closed
2026-03-10 12:53:57.098 | ERROR    | scrapers.yandex_maps:parse:110 - Ошибка при парсинге карточки https://yandex.ru/org/frantsuzhenka/1695597975: Page.goto: Target page, context or browser has been closed
2026-03-10 12:53:57.099 | ERROR    | scrapers.yandex_maps:parse:110 - Ошибка при парсинге карточки https://yandex.ru/org/ideal/38490374934: Page.goto: Target page, context or browser has been closed
2026-03-10 12:53:57.100 | ERROR    | scrapers.yandex_maps:parse:110 - Ошибка при парсинге карточки https://yandex.ru/org/studiya_dlya_tebya/15677997310: Page.goto: Target page, context or browser has been closed
2026-03-10 12:53:57.101 | ERROR    | scrapers.yandex_maps:parse:110 - Ошибка при парсинге карточки https://yandex.ru/org/f6/237143142044: Page.goto: Target page, context or browser has been closed
2026-03-10 12:53:57.237 | INFO     | scrapers.base:close_browser:30 - Браузер закрыт.
2026-03-10 12:53:57.237 | INFO     | __main__:main:21 - Всего собрано лидов: 5
2026-03-10 12:53:57.421 | SUCCESS  | utils.exporter:save_to_excel:35 - Данные успешно сохранены в файл: салоны_красоты_Рязань_20260310_125357.xlsx
2026-03-10 13:00:15.625 | INFO     | __main__:main:11 - Запуск парсера...
2026-03-10 13:00:15.625 | INFO     | scrapers.base:start_browser:14 - Запускаем браузер...
2026-03-10 13:00:16.086 | INFO     | scrapers.yandex_maps:parse:17 - Ищем в Яндексе: салоный красоты Рязань
2026-03-10 13:00:21.297 | INFO     | scrapers.yandex_maps:parse:31 - Прокручиваем список для подгрузки результатов...
2026-03-10 13:01:13.231 | INFO     | scrapers.yandex_maps:parse:50 - Собрано 94 уникальных заведений. Начинаем обход.
2026-03-10 13:01:16.400 | SUCCESS  | scrapers.yandex_maps:parse:106 - Спарсили: Не указано | None | None
2026-03-10 13:01:19.123 | SUCCESS  | scrapers.yandex_maps:parse:106 - Спарсили: Не указано | None | None
2026-03-10 13:01:21.045 | SUCCESS  | scrapers.yandex_maps:parse:106 - Спарсили: Не указано | None | None
2026-03-10 13:01:23.434 | SUCCESS  | scrapers.yandex_maps:parse:106 - Спарсили: Не указано | None | None
2026-03-10 13:01:25.828 | SUCCESS  | scrapers.yandex_maps:parse:106 - Спарсили: Не указано | None | None
2026-03-10 13:01:28.820 | SUCCESS  | scrapers.yandex_maps:parse:106 - Спарсили: Не указано | None | None
2026-03-10 13:01:30.772 | SUCCESS  | scrapers.yandex_maps:parse:106 - Спарсили: Не указано | None | None
2026-03-10 13:01:32.692 | SUCCESS  | scrapers.yandex_maps:parse:106 - Спарсили: Не указано | None | None
2026-03-10 13:05:46.115 | INFO     | __main__:main:11 - Запуск парсера...
2026-03-10 13:05:46.115 | INFO     | scrapers.base:start_browser:14 - Запускаем браузер...
2026-03-10 13:05:46.566 | INFO     | scrapers.yandex_maps:parse:17 - Ищем в Яндексе: салоны красоты Рязань
2026-03-10 13:05:51.302 | INFO     | scrapers.yandex_maps:parse:31 - Прокручиваем список для подгрузки результатов...
2026-03-10 13:06:43.323 | INFO     | scrapers.yandex_maps:parse:51 - Собрано 103 уникальных заведений. Начинаем обход.
2026-03-10 13:06:47.810 | SUCCESS  | scrapers.yandex_maps:parse:107 - Спарсили: Куафюр | +7 (4912) 30-02-91 | https://kuafjur.clients.site/
2026-03-10 13:06:52.725 | SUCCESS  | scrapers.yandex_maps:parse:107 - Спарсили: БезПовода | +7 (920) 964-54-22 | https://dikidi.net/1278380
2026-03-10 13:06:57.367 | SUCCESS  | scrapers.yandex_maps:parse:107 - Спарсили: Мишель | +7 (4912) 24-70-60 | None
2026-03-10 13:07:00.850 | SUCCESS  | scrapers.yandex_maps:parse:107 - Спарсили: Катрин | +7 (989) 437-88-21 | https://katrin-salon1.ru/
2026-03-10 13:07:05.757 | SUCCESS  | scrapers.yandex_maps:parse:107 - Спарсили: Malina | +7 (995) 540-88-75 | https://taplink.cc/malinabeauty_rzn
2026-03-10 13:07:10.310 | SUCCESS  | scrapers.yandex_maps:parse:107 - Спарсили: ShokoLab | +7 (4912) 25-25-82 | None
2026-03-10 13:07:14.971 | SUCCESS  | scrapers.yandex_maps:parse:107 - Спарсили: KozA | +7 (910) 564-53-22 | https://taplink.cc/koza_salon
2026-03-10 13:07:19.225 | SUCCESS  | scrapers.yandex_maps:parse:107 - Спарсили: Подвал | +7 (995) 601-00-88 | https://dikidi.net/304135
2026-03-10 13:07:23.957 | SUCCESS  | scrapers.yandex_maps:parse:107 - Спарсили: Lacotherapy | +7 (930) 888-00-68 | https://lacotherapy.ru/
2026-03-10 13:07:26.804 | SUCCESS  | scrapers.yandex_maps:parse:107 - Спарсили: Бьюти Форм | +7 (910) 573-57-79 | https://beauty-form.ru/
2026-03-10 13:07:30.422 | SUCCESS  | scrapers.yandex_maps:parse:107 - Спарсили: Окси | +7 (980) 562-88-15 | http://oxy-beauty-style.ru/
2026-03-10 13:07:34.738 | SUCCESS  | scrapers.yandex_maps:parse:107 - Спарсили: Mystery of Beauty | +7 (977) 465-40-13 | None
2026-03-10 13:07:38.266 | SUCCESS  | scrapers.yandex_maps:parse:107 - Спарсили: Blanc | +7 (915) 614-34-88 | https://dikidi.net/688187
2026-03-10 13:07:42.643 | SUCCESS  | scrapers.yandex_maps:parse:107 - Спарсили: Prokeratin | +7 (910) 578-57-72 | None
2026-03-10 13:07:46.859 | SUCCESS  | scrapers.yandex_maps:parse:107 - Спарсили: Акиншина Студио | +7 (910) 631-25-91 | http://akinshina-studio.ru/
2026-03-10 13:07:50.298 | SUCCESS  | scrapers.yandex_maps:parse:107 - Спарсили: Несу Весну | +7 (965) 711-62-62 | https://taplink.cc/nesuvesnu
2026-03-10 13:07:54.868 | SUCCESS  | scrapers.yandex_maps:parse:107 - Спарсили: Махаон | +7 (4912) 96-18-73 | None
2026-03-10 13:07:59.670 | SUCCESS  | scrapers.yandex_maps:parse:107 - Спарсили: Dr. Laser | +7 (920) 975-50-25 | https://www.doc-laser.ru/ryazan
2026-03-10 13:08:04.478 | SUCCESS  | scrapers.yandex_maps:parse:107 - Спарсили: Лира | +7 (4912) 95-13-52 | None
2026-03-10 13:08:08.026 | SUCCESS  | scrapers.yandex_maps:parse:107 - Спарсили: Галатея | +7 (4912) 28-96-61 | https://dikidi.net/972246?p=0.pi
2026-03-10 13:08:12.870 | SUCCESS  | scrapers.yandex_maps:parse:107 - Спарсили: Шейд | +7 (910) 565-12-25 | None
2026-03-10 13:08:17.886 | SUCCESS  | scrapers.yandex_maps:parse:107 - Спарсили: Монэ | +7 (4912) 51-03-53 | None
2026-03-10 13:08:21.528 | SUCCESS  | scrapers.yandex_maps:parse:107 - Спарсили: Золотая Пора | +7 (915) 600-31-68 | https://zolotaya-pora-salon.ru/?utm_source=yandex
2026-03-10 13:08:25.589 | SUCCESS  | scrapers.yandex_maps:parse:107 - Спарсили: Феникс | +7 (930) 889-02-02 | None
2026-03-10 13:08:29.193 | SUCCESS  | scrapers.yandex_maps:parse:107 - Спарсили: Caramel | +7 (915) 596-72-81 | https://caramel-ryasan.clients.site/
2026-03-10 13:08:33.540 | SUCCESS  | scrapers.yandex_maps:parse:107 - Спарсили: Экспрессия | +7 (4912) 25-72-30 | None
2026-03-10 13:08:37.808 | SUCCESS  | scrapers.yandex_maps:parse:107 - Спарсили: Ultra | +7 (910) 643-33-13 | https://ultra-solotchinskoe-shosse.clients.site/
2026-03-10 13:08:41.110 | SUCCESS  | scrapers.yandex_maps:parse:107 - Спарсили: Monkeys | +7 (910) 907-12-11 | https://dikidi.net/904096?p=0.pi
2026-03-10 13:08:45.908 | SUCCESS  | scrapers.yandex_maps:parse:107 - Спарсили: Lash Prof | +7 (903) 641-39-54 | https://lashprof.ru/
2026-03-10 13:08:49.876 | SUCCESS  | scrapers.yandex_maps:parse:107 - Спарсили: Академия красоты | +7 (4912) 24-05-12 | https://akademija-krasoty-rzn.clients.site/
2026-03-10 13:08:54.227 | SUCCESS  | scrapers.yandex_maps:parse:107 - Спарсили: Тиволи | +7 (4912) 51-60-17 | http://www.tivoli-elit.ru/
2026-03-10 13:08:57.733 | SUCCESS  | scrapers.yandex_maps:parse:107 - Спарсили: Glamour | +7 (4912) 76-21-01 | None
2026-03-10 13:09:01.180 | SUCCESS  | scrapers.yandex_maps:parse:107 - Спарсили: Белый ангел | +7 (953) 744-11-88 | http://belyjangel.ru/
2026-03-10 13:09:06.174 | SUCCESS  | scrapers.yandex_maps:parse:107 - Спарсили: Секта Красоты | +7 (915) 617-20-68 | http://dikidi.net/401917
2026-03-10 13:09:09.606 | SUCCESS  | scrapers.yandex_maps:parse:107 - Спарсили: F6 | +7 (915) 621-65-88 | None
2026-03-10 13:09:13.153 | SUCCESS  | scrapers.yandex_maps:parse:107 - Спарсили: Дольче Вита | +7 (4912) 28-44-88 | None
2026-03-10 13:09:18.316 | SUCCESS  | scrapers.yandex_maps:parse:107 - Спарсили: Grase | +7 (920) 972-17-17 | None
2026-03-10 13:09:21.427 | SUCCESS  | scrapers.yandex_maps:parse:107 - Спарсили: Bali | +7 (953) 731-94-27 | https://bali-rzn.ru/
2026-03-10 13:09:24.433 | SUCCESS  | scrapers.yandex_maps:parse:107 - Спарсили: Карамель | +7 (915) 605-69-48 | https://dikidi.ru/523499?p=0.pi
2026-03-10 13:09:28.354 | SUCCESS  | scrapers.yandex_maps:parse:107 - Спарсили: Krasivo | +7 (915) 612-48-14 | https://krasivostudia.ru/
2026-03-10 13:09:31.890 | SUCCESS  | scrapers.yandex_maps:parse:107 - Спарсили: Fashion house | +7 (4912) 24-43-44 | None
2026-03-10 13:09:36.687 | SUCCESS  | scrapers.yandex_maps:parse:107 - Спарсили: Tiffany | +7 (4912) 24-84-22 | None
2026-03-10 13:09:40.124 | SUCCESS  | scrapers.yandex_maps:parse:107 - Спарсили: Резиденция Каплуног Макси | +7 (920) 980-90-86 | None
2026-03-10 13:09:44.443 | SUCCESS  | scrapers.yandex_maps:parse:107 - Спарсили: Салон красоты | +7 (920) 633-09-07 | None
2026-03-10 13:09:48.968 | SUCCESS  | scrapers.yandex_maps:parse:107 - Спарсили: Шерлок | +7 (4912) 24-95-84 | None
2026-03-10 13:09:52.419 | SUCCESS  | scrapers.yandex_maps:parse:107 - Спарсили: Pushka | +7 (961) 011-00-77 | https://pushka.center/
2026-03-10 13:09:56.236 | SUCCESS  | scrapers.yandex_maps:parse:107 - Спарсили: Француженка | +7 (4912) 92-74-74 | None
2026-03-10 13:10:00.741 | SUCCESS  | scrapers.yandex_maps:parse:107 - Спарсили: Селфи | +7 (910) 502-26-57 | None
2026-03-10 13:10:05.030 | SUCCESS  | scrapers.yandex_maps:parse:107 - Спарсили: Лик | +7 (910) 903-99-31 | None
2026-03-10 13:10:08.530 | SUCCESS  | scrapers.yandex_maps:parse:107 - Спарсили: Сахара | +7 (910) 571-21-62 | http://sahararzn.ru/
2026-03-10 13:10:14.361 | SUCCESS  | scrapers.yandex_maps:parse:107 - Спарсили: Мармелад | +7 (953) 745-53-33 | None
2026-03-10 13:10:18.075 | SUCCESS  | scrapers.yandex_maps:parse:107 - Спарсили: Ювента | +7 (4912) 75-96-74 | None
2026-03-10 13:10:21.992 | SUCCESS  | scrapers.yandex_maps:parse:107 - Спарсили: Мир депиляции | +7 (915) 603-22-99 | https://mirdepil-lux.ru/?ysclid=mmgczabgnz53385472
2026-03-10 13:10:27.050 | SUCCESS  | scrapers.yandex_maps:parse:107 - Спарсили: Эстклиник | +7 (910) 562-56-82 | https://estclinic-rzn.ru/
2026-03-10 13:10:31.886 | SUCCESS  | scrapers.yandex_maps:parse:107 - Спарсили: KozA | +7 (920) 995-18-31 | https://taplink.cc/koza_salon
2026-03-10 13:10:36.319 | SUCCESS  | scrapers.yandex_maps:parse:107 - Спарсили: Блюз | +7 (903) 839-28-38 | https://bljuz-ulitsa-chapaeva.clients.site/
2026-03-10 13:10:40.042 | SUCCESS  | scrapers.yandex_maps:parse:107 - Спарсили: Назло бывшему | +7 (926) 919-76-55 | https://dikidi.net/1515014
2026-03-10 13:10:44.083 | SUCCESS  | scrapers.yandex_maps:parse:107 - Спарсили: Vbeauty | +7 (910) 616-05-12 | https://dikidi.ru/591103
2026-03-10 13:10:49.114 | SUCCESS  | scrapers.yandex_maps:parse:107 - Спарсили: Морская школа | +7 (4912) 95-53-62 | https://msh-rzn.ru/seasalon
2026-03-10 13:10:53.617 | SUCCESS  | scrapers.yandex_maps:parse:107 - Спарсили: Центр красоты Натальи Ловцевой | +7 (4912) 50-08-28 | https://tsentr-krasoty-natali.clients.site/
2026-03-10 13:10:57.510 | SUCCESS  | scrapers.yandex_maps:parse:107 - Спарсили: Улыбка | +7 (4912) 76-44-08 | None
2026-03-10 13:11:01.169 | SUCCESS  | scrapers.yandex_maps:parse:107 - Спарсили: Студия красоты Анжелики Кольцовой | +7 (920) 633-99-81 | None
2026-03-10 13:11:05.935 | SUCCESS  | scrapers.yandex_maps:parse:107 - Спарсили: Акиншина Студио | +7 (915) 613-52-24 | https://dikidi.net/g416865
2026-03-10 13:11:11.057 | SUCCESS  | scrapers.yandex_maps:parse:107 - Спарсили: Валентина | +7 (4912) 90-15-04 | None
2026-03-10 13:11:15.267 | SUCCESS  | scrapers.yandex_maps:parse:107 - Спарсили: Эль | +7 (903) 641-20-01 | https://studia-el.ru/
2026-03-10 13:11:19.399 | SUCCESS  | scrapers.yandex_maps:parse:107 - Спарсили: ILissi | +7 (900) 325-63-36 | https://dkd.su/1407600
2026-03-10 13:11:24.187 | SUCCESS  | scrapers.yandex_maps:parse:107 - Спарсили: Студия для тебя | +7 (910) 622-20-04 | None
2026-03-10 13:11:29.193 | SUCCESS  | scrapers.yandex_maps:parse:107 - Спарсили: Марсель | +7 (4912) 40-74-05 | https://marsel-spa.ru/
2026-03-10 13:11:33.953 | SUCCESS  | scrapers.yandex_maps:parse:107 - Спарсили: Backstage | +7 (915) 606-06-15 | https://backstage-ulitsa-uritskogo.clients.site/
2026-03-10 13:11:37.850 | SUCCESS  | scrapers.yandex_maps:parse:107 - Спарсили: Милый Ангел | +7 (4912) 96-99-33 | https://taplink.cc/miliy_angel_ryazan
2026-03-10 13:11:42.391 | SUCCESS  | scrapers.yandex_maps:parse:107 - Спарсили: Ева | +7 (4912) 27-30-77 | https://salon-krasoty-eva.clients.site/
2026-03-10 13:11:45.331 | SUCCESS  | scrapers.yandex_maps:parse:107 - Спарсили: Идеал | +7 (910) 572-28-09 | https://ideal-ryazan.ru/?utm_campaign=ideal&utm_medium=organic&utm_source=yandex_maps
2026-03-10 13:11:49.984 | SUCCESS  | scrapers.yandex_maps:parse:107 - Спарсили: Красота Внутри | +7 (906) 647-08-94 | https://dikidi.net/721915
2026-03-10 13:11:53.704 | SUCCESS  | scrapers.yandex_maps:parse:107 - Спарсили: S-lashes | +7 (4912) 52-95-99 | https://s-lashes.info/
2026-03-10 13:11:57.811 | SUCCESS  | scrapers.yandex_maps:parse:107 - Спарсили: Вишня | +7 (910) 563-28-02 | http://vishnya-rzn.ru/
2026-03-10 13:12:01.728 | SUCCESS  | scrapers.yandex_maps:parse:107 - Спарсили: Ph5, 5 | +7 (951) 101-20-30 | https://dikidi.net/635277
2026-03-10 13:12:06.717 | SUCCESS  | scrapers.yandex_maps:parse:107 - Спарсили: Какова красота | +7 (901) 094-02-67 | None
2026-03-10 13:12:10.659 | SUCCESS  | scrapers.yandex_maps:parse:107 - Спарсили: BlackBerry | +7 (953) 744-71-11 | None
2026-03-10 13:12:14.172 | SUCCESS  | scrapers.yandex_maps:parse:107 - Спарсили: Кактус | +7 (915) 600-01-55 | https://dikidi.net/1404198
2026-03-10 13:12:16.962 | SUCCESS  | scrapers.yandex_maps:parse:107 - Спарсили: Каппучино | +7 (920) 636-79-99 | http://dikidi.net/645897
2026-03-10 13:12:21.878 | SUCCESS  | scrapers.yandex_maps:parse:107 - Спарсили: Короче | +7 (4912) 76-09-09 | None
2026-03-10 13:12:25.330 | SUCCESS  | scrapers.yandex_maps:parse:107 - Спарсили: Византия | +7 (4912) 90-15-25 | http://salon-vyzantya.ru/
2026-03-10 13:12:30.045 | SUCCESS  | scrapers.yandex_maps:parse:107 - Спарсили: Kote | +7 (953) 730-31-58 | https://beauty.dikidi.ru/ru/profile/kote_102031
2026-03-10 13:12:33.289 | SUCCESS  | scrapers.yandex_maps:parse:107 - Спарсили: Нави | None | None
2026-03-10 13:12:37.963 | SUCCESS  | scrapers.yandex_maps:parse:107 - Спарсили: Bdkn | +7 (927) 419-81-07 | None
2026-03-10 13:12:42.199 | SUCCESS  | scrapers.yandex_maps:parse:107 - Спарсили: Цирюльня От рассвета ДО заката | +7 (920) 954-56-60 | None
2026-03-10 13:12:47.050 | SUCCESS  | scrapers.yandex_maps:parse:107 - Спарсили: ЛКА | +7 (915) 603-21-15 | http://dikidi.net/681661
2026-03-10 13:12:50.761 | SUCCESS  | scrapers.yandex_maps:parse:107 - Спарсили: Миллениум | +7 (4912) 46-09-88 | None
2026-03-10 13:12:54.574 | SUCCESS  | scrapers.yandex_maps:parse:107 - Спарсили: Блисс | +7 (910) 561-65-06 | https://centr-bliss.ru/?utm_source=yandex
2026-03-10 13:12:58.644 | SUCCESS  | scrapers.yandex_maps:parse:107 - Спарсили: ЦирюльникЪ | +7 (930) 785-10-10 | https://salon-hair.ru/
2026-03-10 13:13:02.672 | SUCCESS  | scrapers.yandex_maps:parse:107 - Спарсили: ЦирюльникЪ | +7 (920) 965-10-10 | http://парикмахерская-салон-красоты.рф/
2026-03-10 13:13:06.376 | SUCCESS  | scrapers.yandex_maps:parse:107 - Спарсили: Зазеркалье | +7 (900) 602-12-56 | None
2026-03-10 13:13:11.300 | SUCCESS  | scrapers.yandex_maps:parse:107 - Спарсили: ЭклерЧики | +7 (953) 735-09-00 | https://eclairchiki.ru/
2026-03-10 13:13:15.438 | SUCCESS  | scrapers.yandex_maps:parse:107 - Спарсили: Творческая студия Ольги Адельбаевой | +7 (910) 571-21-42 | https://olgi-adelbaevoj-salon.ru/?utm_source=yandex
2026-03-10 13:13:20.094 | SUCCESS  | scrapers.yandex_maps:parse:107 - Спарсили: Шайн | +7 (4912) 76-55-14 | http://gidlook.com/shine-0
2026-03-10 13:13:24.143 | SUCCESS  | scrapers.yandex_maps:parse:107 - Спарсили: Лаборатория красоты и тела | +7 (910) 610-33-55 | None
2026-03-10 13:13:28.237 | SUCCESS  | scrapers.yandex_maps:parse:107 - Спарсили: Кейт | +7 (920) 991-58-81 | None
2026-03-10 13:13:32.556 | SUCCESS  | scrapers.yandex_maps:parse:107 - Спарсили: Loft Stories | +7 (910) 632-07-78 | https://dikidi.ru/loftstories
2026-03-10 13:13:36.360 | SUCCESS  | scrapers.yandex_maps:parse:107 - Спарсили: Салонъ на Соборной | +7 (900) 609-22-42 | https://centr-salon.ru/?utm_source=yandex
2026-03-10 13:13:40.382 | SUCCESS  | scrapers.yandex_maps:parse:107 - Спарсили: Культ | +7 (915) 163-54-86 | None
2026-03-10 13:13:44.290 | SUCCESS  | scrapers.yandex_maps:parse:107 - Спарсили: Белла | +7 (4912) 27-28-84 | None
2026-03-10 13:13:48.536 | SUCCESS  | scrapers.yandex_maps:parse:107 - Спарсили: Айвори | +7 (910) 571-21-29 | https://ajvori.ru/
2026-03-10 13:13:51.972 | SUCCESS  | scrapers.yandex_maps:parse:107 - Спарсили: Эгоистка | +7 (4912) 24-71-08 | None
2026-03-10 13:13:52.262 | INFO     | scrapers.base:close_browser:30 - Браузер закрыт.
2026-03-10 13:13:52.262 | INFO     | __main__:main:21 - Всего собрано лидов: 103
2026-03-10 13:13:52.388 | SUCCESS  | utils.exporter:save_to_excel:35 - Данные успешно сохранены в файл: салоны_красоты_Рязань_20260310_131352.xlsx
2026-03-10 13:44:06.001 | INFO     | __main__:main:11 - Запуск парсера...
2026-03-10 13:44:06.001 | INFO     | scrapers.base:start_browser:14 - Запускаем браузер...
2026-03-10 13:44:09.197 | INFO     | scrapers.yandex_maps:parse:17 - Ищем в Яндексе: салоны красоты Рязань
2026-03-10 13:44:13.810 | INFO     | scrapers.yandex_maps:parse:31 - Прокручиваем список для подгрузки результатов...
2026-03-10 13:45:05.926 | INFO     | scrapers.yandex_maps:parse:51 - Собрано 107 уникальных заведений. Начинаем обход.
2026-03-10 13:45:09.282 | SUCCESS  | scrapers.yandex_maps:parse:129 - Спарсили: ЦирюльникЪ | +7 (920) 965-10-10 [📱 Мобильный]
2026-03-10 13:45:14.740 | SUCCESS  | scrapers.yandex_maps:parse:129 - Спарсили: BlackBerry | +7 (953) 744-71-11 [📱 Мобильный]
2026-03-10 13:45:18.456 | SUCCESS  | scrapers.yandex_maps:parse:129 - Спарсили: Студия для тебя | +7 (910) 622-20-04 [📱 Мобильный]
2026-03-10 13:45:22.886 | SUCCESS  | scrapers.yandex_maps:parse:129 - Спарсили: Француженка | +7 (4912) 92-74-74 [☎️ Городской]
2026-03-10 13:45:27.456 | SUCCESS  | scrapers.yandex_maps:parse:129 - Спарсили: Салон красоты | +7 (920) 633-09-07 [📱 Мобильный]
2026-03-10 13:45:30.899 | SUCCESS  | scrapers.yandex_maps:parse:129 - Спарсили: Tiffany | +7 (4912) 24-84-22 [☎️ Городской]
2026-03-10 13:45:34.837 | SUCCESS  | scrapers.yandex_maps:parse:129 - Спарсили: Блюз | +7 (903) 839-28-38 [📱 Мобильный]
2026-03-10 13:45:38.953 | SUCCESS  | scrapers.yandex_maps:parse:129 - Спарсили: Мармелад | +7 (953) 745-53-33 [📱 Мобильный]
2026-03-10 13:45:43.155 | SUCCESS  | scrapers.yandex_maps:parse:129 - Спарсили: Резиденция Каплуног Макси | +7 (920) 980-90-86 [📱 Мобильный]
2026-03-10 13:45:46.721 | SUCCESS  | scrapers.yandex_maps:parse:129 - Спарсили: KozA | +7 (920) 995-18-31 [📱 Мобильный]
2026-03-10 13:45:51.895 | SUCCESS  | scrapers.yandex_maps:parse:129 - Спарсили: Pushka | +7 (961) 011-00-77 [📱 Мобильный]
2026-03-10 13:45:56.311 | SUCCESS  | scrapers.yandex_maps:parse:129 - Спарсили: Экспрессия | +7 (4912) 25-72-30 [☎️ Городской]
2026-03-10 13:46:00.781 | SUCCESS  | scrapers.yandex_maps:parse:129 - Спарсили: Light | +7 (989) 437-88-54 [📱 Мобильный]
2026-03-10 13:46:04.790 | SUCCESS  | scrapers.yandex_maps:parse:129 - Спарсили: Марсель | +7 (4912) 40-74-05 [☎️ Городской]
2026-03-10 13:46:08.752 | SUCCESS  | scrapers.yandex_maps:parse:129 - Спарсили: KozA | +7 (910) 564-53-22 [📱 Мобильный]
2026-03-10 13:46:12.973 | SUCCESS  | scrapers.yandex_maps:parse:129 - Спарсили: Арабика | +7 (4912) 41-00-70 [☎️ Городской]
2026-03-10 13:46:16.646 | SUCCESS  | scrapers.yandex_maps:parse:129 - Спарсили: Шерлок | +7 (4912) 24-95-84 [☎️ Городской]
2026-03-10 13:46:21.321 | SUCCESS  | scrapers.yandex_maps:parse:129 - Спарсили: Лаборатория красоты и тела | +7 (910) 610-33-55 [📱 Мобильный]
2026-03-10 13:46:25.689 | SUCCESS  | scrapers.yandex_maps:parse:129 - Спарсили: Катрин | +7 (989) 437-88-21 [📱 Мобильный]
2026-03-10 13:46:29.192 | SUCCESS  | scrapers.yandex_maps:parse:129 - Спарсили: Kote | +7 (953) 730-31-58 [📱 Мобильный]
2026-03-10 13:46:33.397 | SUCCESS  | scrapers.yandex_maps:parse:129 - Спарсили: Дольче Вита | +7 (4912) 28-44-88 [☎️ Городской]
2026-03-10 13:46:37.379 | SUCCESS  | scrapers.yandex_maps:parse:129 - Спарсили: Секта Красоты | +7 (915) 617-20-68 [📱 Мобильный]
2026-03-10 13:46:41.502 | SUCCESS  | scrapers.yandex_maps:parse:129 - Спарсили: ЭклерЧики | +7 (953) 735-09-00 [📱 Мобильный]
2026-03-10 13:46:45.446 | SUCCESS  | scrapers.yandex_maps:parse:129 - Спарсили: Эпицентр | +7 (960) 573-80-32 [📱 Мобильный]
2026-03-10 13:46:50.284 | SUCCESS  | scrapers.yandex_maps:parse:129 - Спарсили: Ева | +7 (4912) 27-30-77 [☎️ Городской]
2026-03-10 13:46:55.045 | SUCCESS  | scrapers.yandex_maps:parse:129 - Спарсили: Культ | +7 (915) 163-54-86 [📱 Мобильный]
2026-03-10 13:46:58.511 | SUCCESS  | scrapers.yandex_maps:parse:129 - Спарсили: Шейд | +7 (910) 565-12-25 [📱 Мобильный]
2026-03-10 13:47:03.908 | SUCCESS  | scrapers.yandex_maps:parse:129 - Спарсили: Золотая Пора | +7 (915) 600-31-68 [📱 Мобильный]
2026-03-10 13:47:07.964 | SUCCESS  | scrapers.yandex_maps:parse:129 - Спарсили: Backstage | +7 (915) 606-06-15 [📱 Мобильный]
2026-03-10 13:47:11.876 | SUCCESS  | scrapers.yandex_maps:parse:129 - Спарсили: Caramel | +7 (915) 596-72-81 [📱 Мобильный]
2026-03-10 13:47:16.255 | SUCCESS  | scrapers.yandex_maps:parse:129 - Спарсили: Bdkn | +7 (927) 419-81-07 [📱 Мобильный]
2026-03-10 13:47:20.320 | SUCCESS  | scrapers.yandex_maps:parse:129 - Спарсили: Сахара | +7 (910) 571-21-62 [📱 Мобильный]
2026-03-10 13:47:25.149 | SUCCESS  | scrapers.yandex_maps:parse:129 - Спарсили: Белый ангел | +7 (953) 744-11-88 [📱 Мобильный]
2026-03-10 13:47:28.449 | SUCCESS  | scrapers.yandex_maps:parse:129 - Спарсили: Мишель | +7 (4912) 24-70-60 [☎️ Городской]
2026-03-10 13:47:33.811 | SUCCESS  | scrapers.yandex_maps:parse:129 - Спарсили: ЦирюльникЪ | +7 (930) 785-10-10 [📱 Мобильный]
2026-03-10 13:47:38.326 | SUCCESS  | scrapers.yandex_maps:parse:129 - Спарсили: Какова красота | +7 (901) 094-02-67 [📱 Мобильный]
2026-03-10 13:47:43.871 | SUCCESS  | scrapers.yandex_maps:parse:129 - Спарсили: Blanc | +7 (915) 614-34-88 [📱 Мобильный]
2026-03-10 13:47:48.623 | SUCCESS  | scrapers.yandex_maps:parse:129 - Спарсили: Ювента | +7 (4912) 75-96-74 [☎️ Городской]
2026-03-10 13:47:53.439 | SUCCESS  | scrapers.yandex_maps:parse:129 - Спарсили: Ph5, 5 | +7 (951) 101-20-30 [📱 Мобильный]
2026-03-10 13:47:56.977 | SUCCESS  | scrapers.yandex_maps:parse:129 - Спарсили: Lacotherapy | +7 (930) 888-00-68 [📱 Мобильный]
2026-03-10 13:48:02.534 | SUCCESS  | scrapers.yandex_maps:parse:129 - Спарсили: Эстклиник | +7 (910) 562-56-82 [📱 Мобильный]
2026-03-10 13:48:06.008 | SUCCESS  | scrapers.yandex_maps:parse:129 - Спарсили: Фея | +7 (910) 642-47-71 [📱 Мобильный]
2026-03-10 13:48:09.444 | SUCCESS  | scrapers.yandex_maps:parse:129 - Спарсили: Белла | +7 (4912) 27-28-84 [☎️ Городской]
2026-03-10 13:48:13.041 | SUCCESS  | scrapers.yandex_maps:parse:129 - Спарсили: Феникс | +7 (930) 889-02-02 [📱 Мобильный]
2026-03-10 13:48:16.834 | SUCCESS  | scrapers.yandex_maps:parse:129 - Спарсили: Loft Stories | +7 (910) 632-07-78 [📱 Мобильный]
2026-03-10 13:48:21.013 | SUCCESS  | scrapers.yandex_maps:parse:129 - Спарсили: Vbeauty | +7 (910) 616-05-12 [📱 Мобильный]
2026-03-10 13:48:24.601 | SUCCESS  | scrapers.yandex_maps:parse:129 - Спарсили: Ани | +7 (920) 990-00-92 [📱 Мобильный]
2026-03-10 13:48:28.794 | SUCCESS  | scrapers.yandex_maps:parse:129 - Спарсили: Эклектика | None [☎️ Городской]
2026-03-10 13:48:33.697 | SUCCESS  | scrapers.yandex_maps:parse:129 - Спарсили: Карамель | +7 (915) 605-69-48 [📱 Мобильный]
2026-03-10 13:48:37.334 | SUCCESS  | scrapers.yandex_maps:parse:129 - Спарсили: S-lashes | +7 (4912) 52-95-99 [☎️ Городской]
2026-03-10 13:48:42.191 | SUCCESS  | scrapers.yandex_maps:parse:129 - Спарсили: Grase | +7 (920) 972-17-17 [📱 Мобильный]
2026-03-10 13:48:45.695 | SUCCESS  | scrapers.yandex_maps:parse:129 - Спарсили: Ultra | +7 (910) 643-33-13 [📱 Мобильный]
2026-03-10 13:48:49.565 | SUCCESS  | scrapers.yandex_maps:parse:129 - Спарсили: Творческая студия Ольги Адельбаевой | +7 (910) 571-21-42 [📱 Мобильный]
2026-03-10 13:48:52.970 | SUCCESS  | scrapers.yandex_maps:parse:129 - Спарсили: Чайка | +7 (920) 999-35-80 [📱 Мобильный]
2026-03-10 13:48:56.992 | SUCCESS  | scrapers.yandex_maps:parse:129 - Спарсили: Шайн | +7 (4912) 76-55-14 [☎️ Городской]
2026-03-10 13:49:00.866 | SUCCESS  | scrapers.yandex_maps:parse:129 - Спарсили: Махаон | +7 (4912) 96-18-73 [☎️ Городской]
2026-03-10 13:49:05.451 | SUCCESS  | scrapers.yandex_maps:parse:129 - Спарсили: Борода и хвост | +7 (4912) 51-21-40 [☎️ Городской]
2026-03-10 13:49:09.146 | SUCCESS  | scrapers.yandex_maps:parse:129 - Спарсили: Лира | +7 (4912) 95-13-52 [☎️ Городской]
2026-03-10 13:49:13.256 | SUCCESS  | scrapers.yandex_maps:parse:129 - Спарсили: Вишня | +7 (910) 563-28-02 [📱 Мобильный]
2026-03-10 13:49:17.290 | SUCCESS  | scrapers.yandex_maps:parse:129 - Спарсили: ЛКА | +7 (915) 603-21-15 [📱 Мобильный]
2026-03-10 13:49:21.764 | SUCCESS  | scrapers.yandex_maps:parse:129 - Спарсили: Monkeys | +7 (910) 907-12-11 [📱 Мобильный]
2026-03-10 13:49:26.464 | SUCCESS  | scrapers.yandex_maps:parse:129 - Спарсили: Салонъ на Соборной | +7 (900) 609-22-42 [📱 Мобильный]
2026-03-10 13:49:31.106 | SUCCESS  | scrapers.yandex_maps:parse:129 - Спарсили: БезПовода | +7 (920) 964-54-22 [📱 Мобильный]
2026-03-10 13:49:35.287 | SUCCESS  | scrapers.yandex_maps:parse:129 - Спарсили: Короче | +7 (4912) 76-09-09 [☎️ Городской]
2026-03-10 13:49:39.581 | SUCCESS  | scrapers.yandex_maps:parse:129 - Спарсили: Куафюр | +7 (4912) 30-02-91 [☎️ Городской]
2026-03-10 13:49:44.244 | SUCCESS  | scrapers.yandex_maps:parse:129 - Спарсили: Вера | +7 (910) 622-88-05 [📱 Мобильный]
2026-03-10 13:49:48.786 | SUCCESS  | scrapers.yandex_maps:parse:129 - Спарсили: Улыбка | +7 (4912) 76-44-08 [☎️ Городской]
2026-03-10 13:49:53.252 | SUCCESS  | scrapers.yandex_maps:parse:129 - Спарсили: Бьюти Форм | +7 (910) 573-57-79 [📱 Мобильный]
2026-03-10 13:49:57.290 | SUCCESS  | scrapers.yandex_maps:parse:129 - Спарсили: Милый Ангел | +7 (4912) 96-99-33 [☎️ Городской]
2026-03-10 13:50:01.407 | SUCCESS  | scrapers.yandex_maps:parse:129 - Спарсили: Glamour | +7 (4912) 76-21-01 [☎️ Городской]
2026-03-10 13:50:05.961 | SUCCESS  | scrapers.yandex_maps:parse:129 - Спарсили: Зазеркалье | +7 (900) 602-12-56 [📱 Мобильный]
2026-03-10 13:50:10.347 | SUCCESS  | scrapers.yandex_maps:parse:129 - Спарсили: Тиволи | +7 (4912) 51-60-17 [☎️ Городской]
2026-03-10 13:50:13.873 | SUCCESS  | scrapers.yandex_maps:parse:129 - Спарсили: Kiwi Laser | +7 (910) 627-70-50 [📱 Мобильный]
2026-03-10 13:50:18.507 | SUCCESS  | scrapers.yandex_maps:parse:129 - Спарсили: Каппучино | +7 (920) 636-79-99 [📱 Мобильный]
2026-03-10 13:50:22.548 | SUCCESS  | scrapers.yandex_maps:parse:129 - Спарсили: Миллениум | +7 (4912) 46-09-88 [☎️ Городской]
2026-03-10 13:50:27.517 | SUCCESS  | scrapers.yandex_maps:parse:129 - Спарсили: Несу Весну | +7 (965) 711-62-62 [📱 Мобильный]
2026-03-10 13:50:31.776 | SUCCESS  | scrapers.yandex_maps:parse:129 - Спарсили: Галатея | +7 (4912) 28-96-61 [☎️ Городской]
2026-03-10 13:50:36.201 | SUCCESS  | scrapers.yandex_maps:parse:129 - Спарсили: Кактус | +7 (915) 600-01-55 [📱 Мобильный]
2026-03-10 13:50:41.101 | SUCCESS  | scrapers.yandex_maps:parse:129 - Спарсили: Подвал | +7 (995) 601-00-88 [📱 Мобильный]
2026-03-10 13:50:44.823 | SUCCESS  | scrapers.yandex_maps:parse:129 - Спарсили: Красота Внутри | +7 (906) 647-08-94 [📱 Мобильный]
2026-03-10 13:50:48.326 | SUCCESS  | scrapers.yandex_maps:parse:129 - Спарсили: Византия | +7 (4912) 90-15-25 [☎️ Городской]
2026-03-10 13:50:52.339 | SUCCESS  | scrapers.yandex_maps:parse:129 - Спарсили: Студия красоты Анжелики Кольцовой | +7 (920) 633-99-81 [📱 Мобильный]
2026-03-10 13:50:58.198 | SUCCESS  | scrapers.yandex_maps:parse:129 - Спарсили: Морская школа | +7 (4912) 95-53-62 [☎️ Городской]
2026-03-10 13:51:02.087 | SUCCESS  | scrapers.yandex_maps:parse:129 - Спарсили: F6 | +7 (915) 621-65-88 [📱 Мобильный]
2026-03-10 13:51:06.744 | SUCCESS  | scrapers.yandex_maps:parse:129 - Спарсили: Идеал | +7 (910) 572-28-09 [📱 Мобильный]
2026-03-10 13:51:11.257 | SUCCESS  | scrapers.yandex_maps:parse:129 - Спарсили: Центр красоты Натальи Ловцевой | +7 (4912) 50-08-28 [☎️ Городской]
2026-03-10 13:51:15.272 | SUCCESS  | scrapers.yandex_maps:parse:129 - Спарсили: Bali | +7 (953) 731-94-27 [📱 Мобильный]
2026-03-10 13:51:19.568 | SUCCESS  | scrapers.yandex_maps:parse:129 - Спарсили: Krasivo | +7 (915) 612-48-14 [📱 Мобильный]
2026-03-10 13:51:24.043 | SUCCESS  | scrapers.yandex_maps:parse:129 - Спарсили: Акиншина Студио | +7 (910) 631-25-91 [📱 Мобильный]
2026-03-10 13:51:28.069 | SUCCESS  | scrapers.yandex_maps:parse:129 - Спарсили: Блисс | +7 (910) 561-65-06 [📱 Мобильный]
2026-03-10 13:51:32.866 | SUCCESS  | scrapers.yandex_maps:parse:129 - Спарсили: ShokoLab | +7 (4912) 25-25-82 [☎️ Городской]
2026-03-10 13:51:36.254 | SUCCESS  | scrapers.yandex_maps:parse:129 - Спарсили: Dr. Laser | +7 (920) 975-50-25 [📱 Мобильный]
2026-03-10 13:51:40.256 | SUCCESS  | scrapers.yandex_maps:parse:129 - Спарсили: Селфи | +7 (910) 502-26-57 [📱 Мобильный]
2026-03-10 13:51:43.869 | SUCCESS  | scrapers.yandex_maps:parse:129 - Спарсили: ILissi | +7 (900) 325-63-36 [📱 Мобильный]
2026-03-10 13:51:47.575 | SUCCESS  | scrapers.yandex_maps:parse:129 - Спарсили: Эгоистка | +7 (4912) 24-71-08 [☎️ Городской]
2026-03-10 13:51:51.686 | SUCCESS  | scrapers.yandex_maps:parse:129 - Спарсили: Profi Body | +7 (910) 624-73-23 [📱 Мобильный]
2026-03-10 13:51:56.472 | SUCCESS  | scrapers.yandex_maps:parse:129 - Спарсили: Айвори | +7 (910) 571-21-29 [📱 Мобильный]
2026-03-10 13:52:00.935 | SUCCESS  | scrapers.yandex_maps:parse:129 - Спарсили: Mystery of Beauty | +7 (977) 465-40-13 [📱 Мобильный]
2026-03-10 13:52:05.324 | SUCCESS  | scrapers.yandex_maps:parse:129 - Спарсили: Fashion house | +7 (4912) 24-43-44 [☎️ Городской]
2026-03-10 13:52:10.158 | SUCCESS  | scrapers.yandex_maps:parse:129 - Спарсили: Назло бывшему | +7 (926) 919-76-55 [📱 Мобильный]
2026-03-10 13:52:14.009 | SUCCESS  | scrapers.yandex_maps:parse:129 - Спарсили: Мир депиляции | +7 (915) 603-22-99 [📱 Мобильный]
2026-03-10 13:52:18.174 | SUCCESS  | scrapers.yandex_maps:parse:129 - Спарсили: Эль | +7 (903) 641-20-01 [📱 Мобильный]
2026-03-10 13:52:22.265 | SUCCESS  | scrapers.yandex_maps:parse:129 - Спарсили: Кейт | +7 (920) 991-58-81 [📱 Мобильный]
2026-03-10 13:52:26.870 | SUCCESS  | scrapers.yandex_maps:parse:129 - Спарсили: Академия красоты | +7 (4912) 24-05-12 [☎️ Городской]
2026-03-10 13:52:30.802 | SUCCESS  | scrapers.yandex_maps:parse:129 - Спарсили: Prokeratin | +7 (910) 578-57-72 [📱 Мобильный]
2026-03-10 13:52:35.129 | SUCCESS  | scrapers.yandex_maps:parse:129 - Спарсили: Окси | +7 (980) 562-88-15 [📱 Мобильный]
2026-03-10 13:52:39.757 | SUCCESS  | scrapers.yandex_maps:parse:129 - Спарсили: Акиншина Студио | +7 (915) 613-52-24 [📱 Мобильный]
2026-03-10 13:52:40.073 | INFO     | scrapers.base:close_browser:30 - Браузер закрыт.
2026-03-10 13:52:40.073 | INFO     | __main__:main:21 - Всего собрано лидов: 107
2026-03-10 13:52:40.227 | SUCCESS  | utils.exporter:save_to_excel:37 - Данные успешно сохранены в файл: салоны_красоты_Рязань_20260310_135240.xlsx
